<?xml version="1.0" encoding="UTF-8"?><testrun name="FailedTestRunner" project="CucumberFramework2" tests="1" started="1" failures="0" errors="1" ignored="0">
  <testsuite name="com.training.runner.FailedTestRunner" time="11.441">
    <testsuite name="Login.feature" time="11.441">
      <testcase name="login to application with valid username and password" classname="Login.feature" time="11.441">
        <error>org.openqa.selenium.UnhandledAlertException: unexpected alert open: {Alert text : Error : The password is invalid or the user does not have a password.}
  (Session info: chrome=129.0.6668.71): Error : The password is invalid or the user does not have a password.
Build info: version: '3.141.59', revision: 'e82be7d358', time: '2018-11-14T08:17:03'
System info: host: 'deepikas-mbp.lan', ip: 'fd70:2880:bbbe:183b:887:393a:4d2:5ebb%en0', os.name: 'Mac OS X', os.arch: 'x86_64', os.version: '10.16', java.version: '15.0.2'
Driver info: org.openqa.selenium.chrome.ChromeDriver
Capabilities {acceptInsecureCerts: false, browserName: chrome, browserVersion: 129.0.6668.71, chrome: {chromedriverVersion: 129.0.6668.70 (df87d5cf12b1..., userDataDir: /var/folders/9m/0j83878557z...}, fedcm:accounts: true, goog:chromeOptions: {debuggerAddress: localhost:62609}, javascriptEnabled: true, networkConnectionEnabled: false, pageLoadStrategy: normal, platform: MAC, platformName: MAC, proxy: Proxy(), setWindowRect: true, strictFileInteractability: false, timeouts: {implicit: 0, pageLoad: 300000, script: 30000}, unhandledPromptBehavior: dismiss and notify, webauthn:extension:credBlob: true, webauthn:extension:largeBlob: true, webauthn:extension:minPinLength: true, webauthn:extension:prf: true, webauthn:virtualAuthenticators: true}
Session ID: 48484037b60317e5896be3257de9d945
	at org.openqa.selenium.remote.http.W3CHttpResponseCodec.decode(W3CHttpResponseCodec.java:120)
	at org.openqa.selenium.remote.http.W3CHttpResponseCodec.decode(W3CHttpResponseCodec.java:49)
	at org.openqa.selenium.remote.HttpCommandExecutor.execute(HttpCommandExecutor.java:158)
	at org.openqa.selenium.remote.service.DriverCommandExecutor.execute(DriverCommandExecutor.java:83)
	at org.openqa.selenium.remote.RemoteWebDriver.execute(RemoteWebDriver.java:552)
	at org.openqa.selenium.remote.RemoteWebElement.execute(RemoteWebElement.java:285)
	at org.openqa.selenium.remote.RemoteWebElement.isDisplayed(RemoteWebElement.java:326)
	at org.openqa.selenium.support.ui.ExpectedConditions.elementIfVisible(ExpectedConditions.java:314)
	at org.openqa.selenium.support.ui.ExpectedConditions.access$000(ExpectedConditions.java:43)
	at org.openqa.selenium.support.ui.ExpectedConditions$10.apply(ExpectedConditions.java:300)
	at org.openqa.selenium.support.ui.ExpectedConditions$10.apply(ExpectedConditions.java:297)
	at org.openqa.selenium.support.ui.FluentWait.until(FluentWait.java:249)
	at com.training.base.BasePage.waitforVisibility(BasePage.java:52)
	at com.training.base.BasePage.clickonButton(BasePage.java:47)
	at com.training.steps.Steps.click_on_button(Steps.java:57)
	at âœ½.click on Button "HomeTab"(file:///Users/rahade/workspaceMobileAutomation/CucumberFramework2/features/Login/Login.feature:10)

</error>
      </testcase>
    </testsuite>
  </testsuite>
</testrun>
